2025-06-20 22:13:25 UTC [INFO] Получен токен LIS-SKINS, подключаюсь к вебсокету...
2025-06-20 22:13:25 UTC [INFO] LIS-SKINS: Подписка подтверждена, начинаю слушать...
2025-06-20 22:13:27 UTC [INFO] Новый скин на LISSKINS: Fortune's Tout за 0.16$
2025-06-20 22:13:27 UTC [INFO] Фильтрую Айтем: Fortune's Tout, Price: 0.16
2025-06-20 22:13:27 UTC [INFO] Fortune's Tout цена меньше 10, пропускаем.
2025-06-20 22:13:27 UTC [INFO] Новый скин на LISSKINS: Northern Blight Style за 0.16$
2025-06-20 22:13:27 UTC [INFO] Фильтрую Айтем: Northern Blight Style, Price: 0.16
2025-06-20 22:13:27 UTC [INFO] Northern Blight Style цена меньше 10, пропускаем.
2025-06-20 22:13:27 UTC [INFO] Новый скин на LISSKINS: Taunt: See Me Now за 0.17$
2025-06-20 22:13:27 UTC [INFO] Фильтрую Айтем: Taunt: See Me Now, Price: 0.17
2025-06-20 22:13:27 UTC [INFO] Taunt: See Me Now цена меньше 10, пропускаем.
2025-06-20 22:13:27 UTC [INFO] Новый скин на LISSKINS: Fortune's Tout за 0.16$
2025-06-20 22:13:27 UTC [INFO] Фильтрую Айтем: Fortune's Tout, Price: 0.16
2025-06-20 22:13:27 UTC [INFO] Fortune's Tout цена меньше 10, пропускаем.
2025-06-20 22:13:27 UTC [INFO] Новый скин на LISSKINS: Taunt: RazorFlip! за 0.15$
2025-06-20 22:13:27 UTC [INFO] Фильтрую Айтем: Taunt: RazorFlip!, Price: 0.15
2025-06-20 22:13:27 UTC [INFO] Taunt: RazorFlip! цена меньше 10, пропускаем.
2025-06-20 22:13:27 UTC [INFO] Новый скин на LISSKINS: Taunt: RazorFlip! за 0.15$
2025-06-20 22:13:27 UTC [INFO] Фильтрую Айтем: Taunt: RazorFlip!, Price: 0.15
2025-06-20 22:13:27 UTC [INFO] Taunt: RazorFlip! цена меньше 10, пропускаем.
2025-06-20 22:13:27 UTC [INFO] Новый скин на LISSKINS: Fortune's Tout за 0.16$
2025-06-20 22:13:27 UTC [INFO] Фильтрую Айтем: Fortune's Tout, Price: 0.16
2025-06-20 22:13:27 UTC [INFO] Fortune's Tout цена меньше 10, пропускаем.
2025-06-20 22:13:27 UTC [INFO] Новый скин на LISSKINS: Cape of the Blackguard Magus за 0.17$
2025-06-20 22:13:27 UTC [INFO] Фильтрую Айтем: Cape of the Blackguard Magus, Price: 0.17
2025-06-20 22:13:27 UTC [INFO] Cape of the Blackguard Magus цена меньше 10, пропускаем.
2025-06-20 22:13:27 UTC [INFO] Новый скин на LISSKINS: Blackshield Protodrone Helm за 0.17$
2025-06-20 22:13:27 UTC [INFO] Фильтрую Айтем: Blackshield Protodrone Helm, Price: 0.17
2025-06-20 22:13:27 UTC [INFO] Blackshield Protodrone Helm цена меньше 10, пропускаем.
2025-06-20 22:13:27 UTC [INFO] Новый скин на LISSKINS: Fortune's Tout за 0.16$
2025-06-20 22:13:27 UTC [INFO] Фильтрую Айтем: Fortune's Tout, Price: 0.16
2025-06-20 22:13:27 UTC [INFO] Fortune's Tout цена меньше 10, пропускаем.
2025-06-20 22:13:27 UTC [INFO] Новый скин на LISSKINS: Eyes of Ardenok за 0.17$
2025-06-20 22:13:27 UTC [INFO] Фильтрую Айтем: Eyes of Ardenok, Price: 0.17
2025-06-20 22:13:27 UTC [INFO] Eyes of Ardenok цена меньше 10, пропускаем.
2025-06-20 22:13:27 UTC [INFO] Новый скин на LISSKINS: Cape of the Blackguard Magus за 0.17$
2025-06-20 22:13:27 UTC [INFO] Фильтрую Айтем: Cape of the Blackguard Magus, Price: 0.17
2025-06-20 22:13:27 UTC [INFO] Cape of the Blackguard Magus цена меньше 10, пропускаем.
2025-06-20 22:13:27 UTC [INFO] Новый скин на LISSKINS: Grip of the Lost Star за 0.17$
2025-06-20 22:13:27 UTC [INFO] Фильтрую Айтем: Grip of the Lost Star, Price: 0.17
2025-06-20 22:13:27 UTC [INFO] Grip of the Lost Star цена меньше 10, пропускаем.
2025-06-20 22:13:27 UTC [INFO] Новый скин на LISSKINS: Golden Dark Maw Inhibitor за 0.17$
2025-06-20 22:13:27 UTC [INFO] Фильтрую Айтем: Golden Dark Maw Inhibitor, Price: 0.17
2025-06-20 22:13:27 UTC [INFO] Golden Dark Maw Inhibitor цена меньше 10, пропускаем.
2025-06-20 22:13:27 UTC [INFO] Новый скин на LISSKINS: Emerald Conquest за 0.17$
2025-06-20 22:13:27 UTC [INFO] Фильтрую Айтем: Emerald Conquest, Price: 0.17
2025-06-20 22:13:27 UTC [INFO] Emerald Conquest цена меньше 10, пропускаем.
2025-06-20 22:13:27 UTC [INFO] Новый скин на LISSKINS: Seat of the Trailblazer за 0.17$
2025-06-20 22:13:27 UTC [INFO] Фильтрую Айтем: Seat of the Trailblazer, Price: 0.17
2025-06-20 22:13:27 UTC [INFO] Seat of the Trailblazer цена меньше 10, пропускаем.
2025-06-20 22:13:27 UTC [INFO] Новый скин на LISSKINS: Powdersled Rookery Cannon за 0.15$
2025-06-20 22:13:27 UTC [INFO] Фильтрую Айтем: Powdersled Rookery Cannon, Price: 0.15
2025-06-20 22:13:27 UTC [INFO] Powdersled Rookery Cannon цена меньше 10, пропускаем.
2025-06-20 22:13:27 UTC [INFO] Новый скин на LISSKINS: Eyes of Ardenok за 0.17$
2025-06-20 22:13:27 UTC [INFO] Фильтрую Айтем: Eyes of Ardenok, Price: 0.17
2025-06-20 22:13:27 UTC [INFO] Eyes of Ardenok цена меньше 10, пропускаем.
2025-06-20 22:13:27 UTC [INFO] Новый скин на LISSKINS: Taunt: Skip to the Good Stuff! за 0.72$
2025-06-20 22:13:27 UTC [INFO] Фильтрую Айтем: Taunt: Skip to the Good Stuff!, Price: 0.72
2025-06-20 22:13:27 UTC [INFO] Taunt: Skip to the Good Stuff! цена меньше 10, пропускаем.
2025-06-20 22:13:27 UTC [INFO] Новый скин на LISSKINS: Bloom Bounty за 2.84$
2025-06-20 22:13:27 UTC [INFO] Фильтрую Айтем: Bloom Bounty, Price: 2.84
2025-06-20 22:13:27 UTC [INFO] Bloom Bounty цена меньше 10, пропускаем.
2025-06-20 22:13:27 UTC [INFO] Новый скин на LISSKINS: Bloom Bounty за 2.84$
2025-06-20 22:13:27 UTC [INFO] Фильтрую Айтем: Bloom Bounty, Price: 2.84
2025-06-20 22:13:27 UTC [INFO] Bloom Bounty цена меньше 10, пропускаем.
2025-06-20 22:13:27 UTC [INFO] Новый скин на LISSKINS: Bloom Bounty за 2.84$
2025-06-20 22:13:27 UTC [INFO] Фильтрую Айтем: Bloom Bounty, Price: 2.84
2025-06-20 22:13:27 UTC [INFO] Bloom Bounty цена меньше 10, пропускаем.
2025-06-20 22:13:27 UTC [INFO] Новый скин на LISSKINS: Bloom Bounty за 2.84$
2025-06-20 22:13:27 UTC [INFO] Фильтрую Айтем: Bloom Bounty, Price: 2.84
2025-06-20 22:13:27 UTC [INFO] Bloom Bounty цена меньше 10, пропускаем.
2025-06-20 22:13:27 UTC [INFO] Новый скин на LISSKINS: Bloom Bounty за 2.84$
2025-06-20 22:13:27 UTC [INFO] Фильтрую Айтем: Bloom Bounty, Price: 2.84
2025-06-20 22:13:27 UTC [INFO] Bloom Bounty цена меньше 10, пропускаем.
2025-06-20 22:13:27 UTC [INFO] Новый скин на LISSKINS: Grip of the Lost Star за 0.17$
2025-06-20 22:13:27 UTC [INFO] Фильтрую Айтем: Grip of the Lost Star, Price: 0.17
2025-06-20 22:13:27 UTC [INFO] Grip of the Lost Star цена меньше 10, пропускаем.
2025-06-20 22:13:27 UTC [INFO] Новый скин на LISSKINS: Golden Rectifier за 0.15$
2025-06-20 22:13:27 UTC [INFO] Фильтрую Айтем: Golden Rectifier, Price: 0.15
2025-06-20 22:13:27 UTC [INFO] Golden Rectifier цена меньше 10, пропускаем.
2025-06-20 22:13:27 UTC [INFO] Новый скин на LISSKINS: Golden Dread Requisition за 0.14$
2025-06-20 22:13:27 UTC [INFO] Фильтрую Айтем: Golden Dread Requisition, Price: 0.14
2025-06-20 22:13:27 UTC [INFO] Golden Dread Requisition цена меньше 10, пропускаем.
2025-06-20 22:13:27 UTC [INFO] Новый скин на LISSKINS: Golden Dark Maw Inhibitor за 0.17$
2025-06-20 22:13:27 UTC [INFO] Фильтрую Айтем: Golden Dark Maw Inhibitor, Price: 0.17
2025-06-20 22:13:27 UTC [INFO] Golden Dark Maw Inhibitor цена меньше 10, пропускаем.
2025-06-20 22:13:27 UTC [INFO] Новый скин на LISSKINS: Golden Dark Maw Inhibitor за 0.17$
2025-06-20 22:13:27 UTC [INFO] Фильтрую Айтем: Golden Dark Maw Inhibitor, Price: 0.17
2025-06-20 22:13:27 UTC [INFO] Golden Dark Maw Inhibitor цена меньше 10, пропускаем.
2025-06-20 22:13:27 UTC [INFO] Новый скин на LISSKINS: Golden Shadow of the Dark Age за 0.12$
2025-06-20 22:13:27 UTC [INFO] Фильтрую Айтем: Golden Shadow of the Dark Age, Price: 0.12
2025-06-20 22:13:27 UTC [INFO] Golden Shadow of the Dark Age цена меньше 10, пропускаем.
2025-06-20 22:13:27 UTC [INFO] Новый скин на LISSKINS: Golden Shadow of the Dark Age за 0.12$
2025-06-20 22:13:27 UTC [INFO] Фильтрую Айтем: Golden Shadow of the Dark Age, Price: 0.12
2025-06-20 22:13:27 UTC [INFO] Golden Shadow of the Dark Age цена меньше 10, пропускаем.
2025-06-20 22:13:27 UTC [INFO] Новый скин на LISSKINS: Aspect of Oscilla за 0.16$
2025-06-20 22:13:27 UTC [INFO] Фильтрую Айтем: Aspect of Oscilla, Price: 0.16
2025-06-20 22:13:27 UTC [INFO] Aspect of Oscilla цена меньше 10, пропускаем.
2025-06-20 22:13:27 UTC [INFO] Новый скин на LISSKINS: Armor of the Imperious Command за 0.16$
2025-06-20 22:13:27 UTC [INFO] Фильтрую Айтем: Armor of the Imperious Command, Price: 0.16
2025-06-20 22:13:27 UTC [INFO] Armor of the Imperious Command цена меньше 10, пропускаем.
2025-06-20 22:13:27 UTC [INFO] Новый скин на LISSKINS: Eyes of Ardenok за 0.17$
2025-06-20 22:13:27 UTC [INFO] Фильтрую Айтем: Eyes of Ardenok, Price: 0.17
2025-06-20 22:13:27 UTC [INFO] Eyes of Ardenok цена меньше 10, пропускаем.
2025-06-20 22:13:27 UTC [INFO] Новый скин на LISSKINS: Golden Dread Requisition за 0.14$
2025-06-20 22:13:27 UTC [INFO] Фильтрую Айтем: Golden Dread Requisition, Price: 0.14
2025-06-20 22:13:27 UTC [INFO] Golden Dread Requisition цена меньше 10, пропускаем.
2025-06-20 22:13:27 UTC [INFO] Новый скин на LISSKINS: Crucible of Rile за 0.17$
2025-06-20 22:13:27 UTC [INFO] Фильтрую Айтем: Crucible of Rile, Price: 0.17
2025-06-20 22:13:27 UTC [INFO] Crucible of Rile цена меньше 10, пропускаем.
2025-06-20 22:13:27 UTC [INFO] Новый скин на LISSKINS: The Spoils of Dezun за 1.53$
2025-06-20 22:13:27 UTC [INFO] Фильтрую Айтем: The Spoils of Dezun, Price: 1.53
2025-06-20 22:13:27 UTC [INFO] The Spoils of Dezun цена меньше 10, пропускаем.
2025-06-20 22:13:27 UTC [INFO] Новый скин на LISSKINS: Fortune's Tout за 0.16$
2025-06-20 22:13:27 UTC [INFO] Фильтрую Айтем: Fortune's Tout, Price: 0.16
2025-06-20 22:13:27 UTC [INFO] Fortune's Tout цена меньше 10, пропускаем.
2025-06-20 22:13:27 UTC [INFO] Новый скин на LISSKINS: Golden Twilight Schism за 0.21$
2025-06-20 22:13:27 UTC [INFO] Фильтрую Айтем: Golden Twilight Schism, Price: 0.21
2025-06-20 22:13:27 UTC [INFO] Golden Twilight Schism цена меньше 10, пропускаем.
2025-06-20 22:13:27 UTC [INFO] Новый скин на LISSKINS: Spiteful Djinn за 1.43$
2025-06-20 22:13:27 UTC [INFO] Фильтрую Айтем: Spiteful Djinn, Price: 1.43
2025-06-20 22:13:27 UTC [INFO] Spiteful Djinn цена меньше 10, пропускаем.
2025-06-20 22:13:27 UTC [INFO] Новый скин на LISSKINS: Hood of the Spiteful Djinn за 0.17$
2025-06-20 22:13:27 UTC [INFO] Фильтрую Айтем: Hood of the Spiteful Djinn, Price: 0.17
2025-06-20 22:13:27 UTC [INFO] Hood of the Spiteful Djinn цена меньше 10, пропускаем.
2025-06-20 22:13:27 UTC [INFO] Новый скин на LISSKINS: Winter Lineage Hunter's Dawn Furs за 0.17$
2025-06-20 22:13:27 UTC [INFO] Фильтрую Айтем: Winter Lineage Hunter's Dawn Furs, Price: 0.17
2025-06-20 22:13:27 UTC [INFO] Winter Lineage Hunter's Dawn Furs цена меньше 10, пропускаем.
2025-06-20 22:13:27 UTC [INFO] Новый скин на LISSKINS: Seat of the Trailblazer за 0.17$
2025-06-20 22:13:27 UTC [INFO] Фильтрую Айтем: Seat of the Trailblazer, Price: 0.17
2025-06-20 22:13:27 UTC [INFO] Seat of the Trailblazer цена меньше 10, пропускаем.
2025-06-20 22:13:27 UTC [INFO] Новый скин на LISSKINS: Zeal of Omoz Arkosh за 0.15$
2025-06-20 22:13:27 UTC [INFO] Фильтрую Айтем: Zeal of Omoz Arkosh, Price: 0.15
2025-06-20 22:13:27 UTC [INFO] Zeal of Omoz Arkosh цена меньше 10, пропускаем.
2025-06-20 22:13:27 UTC [INFO] Новый скин на LISSKINS: Belt of the Long Night за 0.14$
2025-06-20 22:13:27 UTC [INFO] Фильтрую Айтем: Belt of the Long Night, Price: 0.14
2025-06-20 22:13:27 UTC [INFO] Belt of the Long Night цена меньше 10, пропускаем.
2025-06-20 22:13:27 UTC [INFO] Новый скин на LISSKINS: Arms of Forgotten Epoch за 0.13$
2025-06-20 22:13:27 UTC [INFO] Фильтрую Айтем: Arms of Forgotten Epoch, Price: 0.13
2025-06-20 22:13:27 UTC [INFO] Arms of Forgotten Epoch цена меньше 10, пропускаем.
2025-06-20 22:13:27 UTC [INFO] Новый скин на LISSKINS: Atomic Ray Thrusters за 1.27$
2025-06-20 22:13:27 UTC [INFO] Фильтрую Айтем: Atomic Ray Thrusters, Price: 1.27
2025-06-20 22:13:27 UTC [INFO] Atomic Ray Thrusters цена меньше 10, пропускаем.
2025-06-20 22:13:27 UTC [INFO] Новый скин на LISSKINS: Shards of Exile за 6.44$
2025-06-20 22:13:27 UTC [INFO] Фильтрую Айтем: Shards of Exile, Price: 6.44
2025-06-20 22:13:27 UTC [INFO] Shards of Exile цена меньше 10, пропускаем.
2025-06-20 22:13:27 UTC [INFO] Новый скин на LISSKINS: Shatterblast Core за 0.19$
2025-06-20 22:13:27 UTC [INFO] Фильтрую Айтем: Shatterblast Core, Price: 0.19
2025-06-20 22:13:27 UTC [INFO] Shatterblast Core цена меньше 10, пропускаем.
2025-06-20 22:13:27 UTC [INFO] Новый скин на LISSKINS: Magus Apex за 2.2$
2025-06-20 22:13:27 UTC [INFO] Фильтрую Айтем: Magus Apex, Price: 2.2
2025-06-20 22:13:27 UTC [INFO] Magus Apex цена меньше 10, пропускаем.
2025-06-20 22:13:27 UTC [INFO] Новый скин на LISSKINS: Rollermawster за 0.76$
2025-06-20 22:13:27 UTC [INFO] Фильтрую Айтем: Rollermawster, Price: 0.76
2025-06-20 22:13:27 UTC [INFO] Rollermawster цена меньше 10, пропускаем.
2025-06-20 22:13:27 UTC [INFO] Новый скин на LISSKINS: Merry Wanderer's Brush за 1.18$
2025-06-20 22:13:27 UTC [INFO] Фильтрую Айтем: Merry Wanderer's Brush, Price: 1.18
2025-06-20 22:13:27 UTC [INFO] Merry Wanderer's Brush цена меньше 10, пропускаем.
2025-06-20 22:13:27 UTC [INFO] Новый скин на LISSKINS: Arms of Zebulon за 0.31$
2025-06-20 22:13:27 UTC [INFO] Фильтрую Айтем: Arms of Zebulon, Price: 0.31
2025-06-20 22:13:27 UTC [INFO] Arms of Zebulon цена меньше 10, пропускаем.
2025-06-20 22:13:27 UTC [INFO] Новый скин на LISSKINS: Solar Forge за 1.93$
2025-06-20 22:13:27 UTC [INFO] Фильтрую Айтем: Solar Forge, Price: 1.93
2025-06-20 22:13:27 UTC [INFO] Solar Forge цена меньше 10, пропускаем.
2025-06-20 22:13:27 UTC [INFO] Новый скин на LISSKINS: Wings of the Winter Rose за 0.42$
2025-06-20 22:13:27 UTC [INFO] Фильтрую Айтем: Wings of the Winter Rose, Price: 0.42
2025-06-20 22:13:27 UTC [INFO] Wings of the Winter Rose цена меньше 10, пропускаем.
2025-06-20 22:13:27 UTC [INFO] Новый скин на LISSKINS: Cape of Zebulon за 0.29$
2025-06-20 22:13:27 UTC [INFO] Фильтрую Айтем: Cape of Zebulon, Price: 0.29
2025-06-20 22:13:27 UTC [INFO] Cape of Zebulon цена меньше 10, пропускаем.
2025-06-20 22:13:27 UTC [INFO] Новый скин на LISSKINS: Night Terrors Mount за 0.25$
2025-06-20 22:13:27 UTC [INFO] Фильтрую Айтем: Night Terrors Mount, Price: 0.25
2025-06-20 22:13:27 UTC [INFO] Night Terrors Mount цена меньше 10, пропускаем.
2025-06-20 22:13:27 UTC [INFO] Новый скин на LISSKINS: P90 | Reef Grief (Field-Tested) за 3.47$
2025-06-20 22:13:27 UTC [INFO] Фильтрую Айтем: P90 | Reef Grief (Field-Tested), Price: 3.47
2025-06-20 22:13:27 UTC [INFO] P90 | Reef Grief (Field-Tested) цена меньше 10, пропускаем.
2025-06-20 22:13:27 UTC [INFO] Новый скин на LISSKINS: Kilowatt Case за 0.56$
2025-06-20 22:13:27 UTC [INFO] Фильтрую Айтем: Kilowatt Case, Price: 0.56
2025-06-20 22:13:27 UTC [INFO] Kilowatt Case цена меньше 10, пропускаем.
2025-06-20 22:13:28 UTC [INFO] Новый скин на LISSKINS: MAC-10 | Poplar Thicket (Factory New) за 3.82$
2025-06-20 22:13:28 UTC [INFO] Фильтрую Айтем: MAC-10 | Poplar Thicket (Factory New), Price: 3.82
2025-06-20 22:13:28 UTC [INFO] MAC-10 | Poplar Thicket (Factory New) цена меньше 10, пропускаем.
2025-06-20 22:13:28 UTC [INFO] Новый скин на LISSKINS: Dreams & Nightmares Case за 2.21$
2025-06-20 22:13:28 UTC [INFO] Фильтрую Айтем: Dreams & Nightmares Case, Price: 2.21
2025-06-20 22:13:28 UTC [INFO] Dreams & Nightmares Case цена меньше 10, пропускаем.
